Performing C SOURCE FILE Test CMAKE_HAVE_LIBC_PTHREAD failed with the following output:
Change Dir: /home/xamblot/CLionProjects/MemoryAllocators/cmake-build-debug/CMakeFiles/CMakeTmp

Run Build Command(s):/home/xamblot/Downloads/CLion/clion-2022.1.3/bin/ninja/linux/ninja cmTC_bdf24 && [1/2] Building C object CMakeFiles/cmTC_bdf24.dir/src.c.o
[2/2] Linking C executable cmTC_bdf24
[31mFAILED: [0mcmTC_bdf24 
: && /usr/bin/cc   CMakeFiles/cmTC_bdf24.dir/src.c.o -o cmTC_bdf24   && :
/home/linuxbrew/.linuxbrew/bin/ld: CMakeFiles/cmTC_bdf24.dir/src.c.o: in function `main':
src.c:(.text+0x2f): undefined reference to `pthread_create'
/home/linuxbrew/.linuxbrew/bin/ld: src.c:(.text+0x3b): undefined reference to `pthread_detach'
/home/linuxbrew/.linuxbrew/bin/ld: src.c:(.text+0x47): undefined reference to `pthread_cancel'
/home/linuxbrew/.linuxbrew/bin/ld: src.c:(.text+0x58): undefined reference to `pthread_join'
collect2: error: ld returned 1 exit status
ninja: build stopped: subcommand failed.


Source file was:
#include <pthread.h>

static void* test_func(void* data)
{
  return data;
}

int main(void)
{
  pthread_t thread;
  pthread_create(&thread, NULL, test_func, NULL);
  pthread_detach(thread);
  pthread_cancel(thread);
  pthread_join(thread, NULL);
  pthread_atfork(NULL, NULL, NULL);
  pthread_exit(NULL);

  return 0;
}

Determining if the function pthread_create exists in the pthreads failed with the following output:
Change Dir: /home/xamblot/CLionProjects/MemoryAllocators/cmake-build-debug/CMakeFiles/CMakeTmp

Run Build Command(s):/home/xamblot/Downloads/CLion/clion-2022.1.3/bin/ninja/linux/ninja cmTC_d2cbc && [1/2] Building C object CMakeFiles/cmTC_d2cbc.dir/CheckFunctionExists.c.o
[2/2] Linking C executable cmTC_d2cbc
[31mFAILED: [0mcmTC_d2cbc 
: && /usr/bin/cc -DCHECK_FUNCTION_EXISTS=pthread_create  CMakeFiles/cmTC_d2cbc.dir/CheckFunctionExists.c.o -o cmTC_d2cbc  -lpthreads && :
/home/linuxbrew/.linuxbrew/bin/ld: cannot find -lpthreads: No such file or directory
collect2: error: ld returned 1 exit status
ninja: build stopped: subcommand failed.



